Using pre-set license
Built from '2020.3/staging' branch; Version is '2020.3.47f1 (5ef4f5b5e2d4) revision 6223093'; Using compiler version '192528614'; Build Type 'Release'
OS: 'Windows 10  (10.0.19041) 64bit Professional' Language: 'en' Physical Memory: 16323 MB
BatchMode: 1, IsHumanControllingUs: 0, StartBugReporterOnCrash: 0, Is64bit: 1, IsPro: 0

COMMAND LINE ARGUMENTS:
D:\Unity\2020.3.47f1\Editor\Unity.exe
-adb2
-batchMode
-noUpm
-name
AssetImportWorker0
-projectPath
D:/Unity project/Minesweeper
-logFile
Logs/AssetImportWorker0.log
-srvPort
52457
Successfully changed project path to: D:/Unity project/Minesweeper
D:/Unity project/Minesweeper
Using Asset Import Pipeline V2.
Player connection [15712] Host "[IP] 192.168.1.242 [Port] 3221442912 [Flags] 2 [Guid] 1310138910 [EditorId] 1310138910 [Version] 1048832 [Id] WindowsEditor(7,DESKTOP-1E24BBA) [Debug] 1 [PackageName] WindowsEditor [ProjectName] Editor" joined multi-casting on [225.0.0.222:54997]...

Player connection [15712] Host "[IP] 192.168.1.242 [Port] 3221442912 [Flags] 2 [Guid] 1310138910 [EditorId] 1310138910 [Version] 1048832 [Id] WindowsEditor(7,DESKTOP-1E24BBA) [Debug] 1 [PackageName] WindowsEditor [ProjectName] Editor" joined alternative multi-casting on [225.0.0.222:34997]...

Refreshing native plugins compatible for Editor in 264.35 ms, found 3 plugins.
Preloading 0 native plugins for Editor in 0.00 ms.
Initialize engine version: 2020.3.47f1 (5ef4f5b5e2d4)
[Subsystems] Discovering subsystems at path D:/Unity/2020.3.47f1/Editor/Data/Resources/UnitySubsystems
[Subsystems] Discovering subsystems at path D:/Unity project/Minesweeper/Assets
GfxDevice: creating device client; threaded=0
Direct3D:
    Version:  Direct3D 11.0 [level 11.0]
    Renderer: NVIDIA Quadro K2100M (ID=0x11fc)
    Vendor:   
    VRAM:     2018 MB
    Driver:   23.21.13.8908
Initialize mono
Mono path[0] = 'D:/Unity/2020.3.47f1/Editor/Data/Managed'
Mono path[1] = 'D:/Unity/2020.3.47f1/Editor/Data/MonoBleedingEdge/lib/mono/unityjit'
Mono config path = 'D:/Unity/2020.3.47f1/Editor/Data/MonoBleedingEdge/etc'
Using monoOptions --debugger-agent=transport=dt_socket,embedding=1,server=y,suspend=n,address=127.0.0.1:56236
Begin MonoManager ReloadAssembly
Registering precompiled unity dll's ...
Register platform support module: D:/Unity/2020.3.47f1/Editor/Data/PlaybackEngines/WindowsStandaloneSupport/UnityEditor.WindowsStandalone.Extensions.dll
Registered in 0.011761 seconds.
Native extension for WindowsStandalone target not found
Refreshing native plugins compatible for Editor in 295.37 ms, found 3 plugins.
Preloading 0 native plugins for Editor in 0.00 ms.
Mono: successfully reloaded assembly
- Completed reload, in  4.384 seconds
Domain Reload Profiling:
	ReloadAssembly (4385ms)
		BeginReloadAssembly (589ms)
			ExecutionOrderSort (0ms)
			DisableScriptedObjects (0ms)
			BackupInstance (0ms)
			ReleaseScriptingObjects (0ms)
			CreateAndSetChildDomain (7ms)
		EndReloadAssembly (3310ms)
			LoadAssemblies (579ms)
			RebuildTransferFunctionScriptingTraits (0ms)
			SetupTypeCache (1203ms)
			ReleaseScriptCaches (0ms)
			RebuildScriptCaches (266ms)
			SetupLoadedEditorAssemblies (1096ms)
				LogAssemblyErrors (0ms)
				InitializePlatformSupportModulesInManaged (29ms)
				SetLoadedEditorAssemblies (5ms)
				RefreshPlugins (296ms)
				BeforeProcessingInitializeOnLoad (72ms)
				ProcessInitializeOnLoadAttributes (515ms)
				ProcessInitializeOnLoadMethodAttributes (179ms)
				AfterProcessingInitializeOnLoad (0ms)
				EditorAssembliesLoaded (1ms)
			ExecutionOrderSort2 (0ms)
			AwakeInstancesAfterBackupRestoration (0ms)
Platform modules already initialized, skipping
Registering precompiled user dll's ...
Registered in 0.016384 seconds.
Begin MonoManager ReloadAssembly
Native extension for WindowsStandalone target not found
Refreshing native plugins compatible for Editor in 255.47 ms, found 3 plugins.
Preloading 0 native plugins for Editor in 0.00 ms.
Mono: successfully reloaded assembly
- Completed reload, in  8.093 seconds
Domain Reload Profiling:
	ReloadAssembly (8098ms)
		BeginReloadAssembly (1362ms)
			ExecutionOrderSort (0ms)
			DisableScriptedObjects (26ms)
			BackupInstance (0ms)
			ReleaseScriptingObjects (0ms)
			CreateAndSetChildDomain (156ms)
		EndReloadAssembly (6238ms)
			LoadAssemblies (862ms)
			RebuildTransferFunctionScriptingTraits (0ms)
			SetupTypeCache (2315ms)
			ReleaseScriptCaches (3ms)
			RebuildScriptCaches (412ms)
			SetupLoadedEditorAssemblies (2107ms)
				LogAssemblyErrors (0ms)
				InitializePlatformSupportModulesInManaged (19ms)
				SetLoadedEditorAssemblies (1ms)
				RefreshPlugins (256ms)
				BeforeProcessingInitializeOnLoad (471ms)
				ProcessInitializeOnLoadAttributes (1202ms)
				ProcessInitializeOnLoadMethodAttributes (133ms)
				AfterProcessingInitializeOnLoad (24ms)
				EditorAssembliesLoaded (2ms)
			ExecutionOrderSort2 (0ms)
			AwakeInstancesAfterBackupRestoration (14ms)
Platform modules already initialized, skipping
========================================================================
Worker process is ready to serve import requests
Launched and connected shader compiler UnityShaderCompiler.exe after 0.27 seconds
Refreshing native plugins compatible for Editor in 1.94 ms, found 3 plugins.
Preloading 0 native plugins for Editor in 0.00 ms.
Unloading 2028 Unused Serialized files (Serialized files now loaded: 0)
System memory in use before: 94.3 MB.
System memory in use after: 94.3 MB.

Unloading 31 unused Assets to reduce memory usage. Loaded Objects now: 2460.
Total: 17.376500 ms (FindLiveObjects: 1.010500 ms CreateObjectMapping: 0.476300 ms MarkObjects: 15.060000 ms  DeleteObjects: 0.825400 ms)

AssetImportParameters requested are different than current active one (requested -> active):
  custom:framework-win-MediaFoundation: 216162199b28c13a410421893ffa2e32 -> 
  custom:video-decoder-ogg-theora: a1e56fd34408186e4bbccfd4996cb3dc -> 
  custom:container-muxer-webm: aa71ff27fc2769a1b78a27578f13a17b -> 
  custom:container-demuxer-webm: 4f35f7cbe854078d1ac9338744f61a02 -> 
  custom:container-demuxer-ogg: 62fdf1f143b41e24485cea50d1cbac27 -> 
  custom:video-encoder-webm-vp8: eb34c28f22e8b96e1ab97ce403110664 -> 
  custom:video-decoder-webm-vp8: 9c59270c3fd7afecdb556c50c9e8de78 -> 
  custom:audio-decoder-ogg-vorbis: bf7c407c2cedff20999df2af8eb42d56 -> 
  custom:audio-encoder-webm-vorbis: bf7c407c2cedff20999df2af8eb42d56 -> 
========================================================================
Received Import Request.
  path: Assets/Scenes/Minesweeper.unity
  artifactKey: Guid(2cda990e2423bbf4892e6590ba056729) Importer(815301076,1909f56bfc062723c751e8b465ee728b)
Start importing Assets/Scenes/Minesweeper.unity using Guid(2cda990e2423bbf4892e6590ba056729) Importer(815301076,1909f56bfc062723c751e8b465ee728b)  -> (artifact id: 'ad267f3769011f04fc71bec432b5b602') in 0.057361 seconds 
========================================================================
Received Import Request.
  Time since last request: 1463.501131 seconds.
  path: Assets/Sprites
  artifactKey: Guid(6e0ad93050c69e743908eccd5b0c8ed2) Importer(815301076,1909f56bfc062723c751e8b465ee728b)
Start importing Assets/Sprites using Guid(6e0ad93050c69e743908eccd5b0c8ed2) Importer(815301076,1909f56bfc062723c751e8b465ee728b)  -> (artifact id: '6ce685691721f9e870f4ccffe721f427') in 0.036186 seconds 
========================================================================
Received Import Request.
  Time since last request: 12.294145 seconds.
  path: Assets/Sprites/Tile1.png
  artifactKey: Guid(b1ab6dc8fd4ea804fabe78d902860bb1) Importer(815301076,1909f56bfc062723c751e8b465ee728b)
Start importing Assets/Sprites/Tile1.png using Guid(b1ab6dc8fd4ea804fabe78d902860bb1) Importer(815301076,1909f56bfc062723c751e8b465ee728b)  -> (artifact id: '72749bf6e1e6c12fb03d34eb91e2e13a') in 0.516236 seconds 
========================================================================
Received Import Request.
  Time since last request: 0.000848 seconds.
  path: Assets/Sprites/TileMine.png
  artifactKey: Guid(705365b99651caa488426e8edb150811) Importer(815301076,1909f56bfc062723c751e8b465ee728b)
Start importing Assets/Sprites/TileMine.png using Guid(705365b99651caa488426e8edb150811) Importer(815301076,1909f56bfc062723c751e8b465ee728b)  -> (artifact id: '89c5ec44f26f288117324c37ebf9b483') in 0.058894 seconds 
========================================================================
Received Import Request.
  Time since last request: 0.001434 seconds.
  path: Assets/Sprites/TileExploded.png
  artifactKey: Guid(85b768afca9bdac4588f6fc4dcab4d09) Importer(815301076,1909f56bfc062723c751e8b465ee728b)
Start importing Assets/Sprites/TileExploded.png using Guid(85b768afca9bdac4588f6fc4dcab4d09) Importer(815301076,1909f56bfc062723c751e8b465ee728b)  -> (artifact id: '4b98decf57e55af406d2660037d9ee29') in 0.080245 seconds 
========================================================================
Received Import Request.
  Time since last request: 0.000839 seconds.
  path: Assets/Sprites/Tile3.png
  artifactKey: Guid(ea0a6ddfccd5e044ea690e81727ed63a) Importer(815301076,1909f56bfc062723c751e8b465ee728b)
Start importing Assets/Sprites/Tile3.png using Guid(ea0a6ddfccd5e044ea690e81727ed63a) Importer(815301076,1909f56bfc062723c751e8b465ee728b)  -> (artifact id: '1aa1da1eeb81e946aeb6301375f9c341') in 0.065313 seconds 
========================================================================
Received Import Request.
  Time since last request: 0.000643 seconds.
  path: Assets/Sprites/Tile6.png
  artifactKey: Guid(eead8c72016222e4183a46f127b53ada) Importer(815301076,1909f56bfc062723c751e8b465ee728b)
Start importing Assets/Sprites/Tile6.png using Guid(eead8c72016222e4183a46f127b53ada) Importer(815301076,1909f56bfc062723c751e8b465ee728b)  -> (artifact id: '0b4e7589ba8521301ff794ed3e89f441') in 0.073252 seconds 
========================================================================
Received Import Request.
  Time since last request: 0.002333 seconds.
  path: Assets/Sprites/Tile8.png
  artifactKey: Guid(dc422bc6e5c55cd408d97591f5719440) Importer(815301076,1909f56bfc062723c751e8b465ee728b)
Start importing Assets/Sprites/Tile8.png using Guid(dc422bc6e5c55cd408d97591f5719440) Importer(815301076,1909f56bfc062723c751e8b465ee728b)  -> (artifact id: '66e7c3f5b3f8ba88393f19ac85af6e72') in 0.065670 seconds 
========================================================================
Received Import Request.
  Time since last request: 0.000833 seconds.
  path: Assets/Sprites/TileFlag.png
  artifactKey: Guid(7724514d014b289408674d0aa1f86e08) Importer(815301076,1909f56bfc062723c751e8b465ee728b)
Start importing Assets/Sprites/TileFlag.png using Guid(7724514d014b289408674d0aa1f86e08) Importer(815301076,1909f56bfc062723c751e8b465ee728b)  -> (artifact id: '6edf1aba19bdcbe87d36d2fad5419916') in 0.057931 seconds 
========================================================================
Received Import Request.
  Time since last request: 0.000613 seconds.
  path: Assets/Sprites/TileUnknown.png
  artifactKey: Guid(5e2c134d8c6ead64ebcce0f7cfe322a6) Importer(815301076,1909f56bfc062723c751e8b465ee728b)
Start importing Assets/Sprites/TileUnknown.png using Guid(5e2c134d8c6ead64ebcce0f7cfe322a6) Importer(815301076,1909f56bfc062723c751e8b465ee728b)  -> (artifact id: '9464dfb488da4bc38dabddddc967e6a2') in 0.103688 seconds 
========================================================================
Received Import Request.
  Time since last request: 0.000617 seconds.
  path: Assets/Sprites/Tile4.png
  artifactKey: Guid(d1e96bd31eda9144188738c942704fc5) Importer(815301076,1909f56bfc062723c751e8b465ee728b)
Start importing Assets/Sprites/Tile4.png using Guid(d1e96bd31eda9144188738c942704fc5) Importer(815301076,1909f56bfc062723c751e8b465ee728b)  -> (artifact id: 'b9d2c1cec237d8537f5bd68b987d3b28') in 0.096075 seconds 
========================================================================
Received Import Request.
  Time since last request: 0.000579 seconds.
  path: Assets/Sprites/TileEmpty.png
  artifactKey: Guid(b5e84417eb0fbd649ad861623c4d3d08) Importer(815301076,1909f56bfc062723c751e8b465ee728b)
Start importing Assets/Sprites/TileEmpty.png using Guid(b5e84417eb0fbd649ad861623c4d3d08) Importer(815301076,1909f56bfc062723c751e8b465ee728b)  -> (artifact id: 'd1ef5b48cb8252c8d5154f8f388ffb8c') in 0.087373 seconds 
========================================================================
Received Import Request.
  Time since last request: 0.000637 seconds.
  path: Assets/Sprites/Tile7.png
  artifactKey: Guid(d48d3410ed568d24b9f46df4a27be646) Importer(815301076,1909f56bfc062723c751e8b465ee728b)
Start importing Assets/Sprites/Tile7.png using Guid(d48d3410ed568d24b9f46df4a27be646) Importer(815301076,1909f56bfc062723c751e8b465ee728b)  -> (artifact id: '1fc69b6fd02d1523ccddf509a03981e7') in 0.076485 seconds 
========================================================================
Received Import Request.
  Time since last request: 0.000513 seconds.
  path: Assets/Sprites/Tile2.png
  artifactKey: Guid(38a464e57baa9334bb2a28c277ea6d7e) Importer(815301076,1909f56bfc062723c751e8b465ee728b)
Start importing Assets/Sprites/Tile2.png using Guid(38a464e57baa9334bb2a28c277ea6d7e) Importer(815301076,1909f56bfc062723c751e8b465ee728b)  -> (artifact id: '4abe24873eaf68d4b1dba94ff4afb9c7') in 0.096759 seconds 
========================================================================
Received Import Request.
  Time since last request: 0.001009 seconds.
  path: Assets/Sprites/Tile5.png
  artifactKey: Guid(1d55a9a4b1fbf504ba67fc13347b08d6) Importer(815301076,1909f56bfc062723c751e8b465ee728b)
Start importing Assets/Sprites/Tile5.png using Guid(1d55a9a4b1fbf504ba67fc13347b08d6) Importer(815301076,1909f56bfc062723c751e8b465ee728b)  -> (artifact id: 'f9c1a98fdda50e42700f4980fe5dbc74') in 0.070634 seconds 
AssetImportWorkerClient::OnTransportError - code=2 error=End of file
